<?xml version="1.0" encoding="UTF-8"?>
<testng-results skipped="0" failed="0" ignored="0" total="1" passed="1">
  <reporter-output>
  </reporter-output>
  <suite name="Default suite" duration-ms="6440" started-at="2022-05-04T13:16:36 IST" finished-at="2022-05-04T13:16:43 IST">
    <groups>
    </groups>
    <test name="Default test" duration-ms="6440" started-at="2022-05-04T13:16:36 IST" finished-at="2022-05-04T13:16:43 IST">
      <class name="APIs.GET_data">
        <test-method status="PASS" signature="getapiresponse()[pri:0, instance:APIs.GET_data@77f99a05]" name="getapiresponse" duration-ms="6388" started-at="2022-05-04T13:16:37 IST" finished-at="2022-05-04T13:16:43 IST">
          <reporter-output>
          </reporter-output>
        </test-method> <!-- getapiresponse -->
      </class> <!-- APIs.GET_data -->
    </test> <!-- Default test -->
  </suite> <!-- Default suite -->
</testng-results>
